生成启动时间为 2017/2/24 12:51:18。
     1>项目“D:\实现\法院速录员系统\0131123761\0131123761.vcxproj”在节点 2 上(build 个目标)。
     1>PrepareForBuild:
         正在创建目录“D:\实现\法院速录员系统\Debug\”。
       InitializeBuildStatus:
         正在创建“Debug\0131123761.unsuccessfulbuild”，因为已指定“AlwaysCreate”。
       ClCompile:
         C:\软件\VS2010\VC\bin\CL.exe /c /ZI /nologo /W3 /WX- /Od /Oy- /D WIN32 /D _WINDOWS /D _DEBUG /D _MBCS /Gm /EHsc /RTC1 /MTd /GS /fp:precise /Zc:wchar_t /Zc:forScope /Yc"StdAfx.h" /Fp"Debug\0131123761.pch" /Fo"Debug\\" /Fd"Debug\vc100.pdb" /Gd /TP /analyze- /errorReport:prompt stdafx.cpp
         stdafx.cpp
         C:\软件\VS2010\VC\bin\CL.exe /c /ZI /nologo /W3 /WX- /Od /Oy- /D WIN32 /D _WINDOWS /D _DEBUG /D _MBCS /Gm /EHsc /RTC1 /MTd /GS /fp:precise /Zc:wchar_t /Zc:forScope /Yu"StdAfx.h" /Fp"Debug\0131123761.pch" /Fo"Debug\\" /Fd"Debug\vc100.pdb" /Gd /TP /analyze- /errorReport:prompt 0131123761.cpp 0131123761Dlg.cpp
         0131123761Dlg.cpp
     1>d:\实现\法院速录员系统\0131123761\0131123761dlg.cpp(531): warning C4244: “初始化”: 从“double”转换到“float”，可能丢失数据
     1>d:\实现\法院速录员系统\0131123761\0131123761dlg.cpp(539): warning C4244: “=”: 从“int”转换到“float”，可能丢失数据
     1>d:\实现\法院速录员系统\0131123761\0131123761dlg.cpp(546): warning C4244: “=”: 从“double”转换到“float”，可能丢失数据
         0131123761.cpp
         正在生成代码...
       ResourceCompile:
         C:\Program Files (x86)\Microsoft SDKs\Windows\v7.0A\bin\rc.exe /D _DEBUG /l"0x0804" /IDebug\ /nologo /fo"Debug\0131123761.res" 0131123761.rc 
       ManifestResourceCompile:
         C:\Program Files (x86)\Microsoft SDKs\Windows\v7.0A\bin\rc.exe /nologo /fo"Debug\0131123761.exe.embed.manifest.res" Debug\0131123761_manifest.rc 
       Link:
         C:\软件\VS2010\VC\bin\link.exe /ERRORREPORT:PROMPT /OUT:"D:\实现\法院速录员系统\Debug\0131123761.exe" /INCREMENTAL /NOLOGO /LIBPATH:"D:\大三  小学期\0131123761\0131123761" pdflib.lib SkinPPWTL.lib /MANIFEST /ManifestFile:"Debug\0131123761.exe.intermediate.manifest" /MANIFESTUAC:"level='asInvoker' uiAccess='false'" /DEBUG /PDB:"D:\实现\法院速录员系统\Debug\0131123761.pdb" /SUBSYSTEM:WINDOWS /TLBID:1 /DYNAMICBASE /NXCOMPAT /IMPLIB:"D:\实现\法院速录员系统\Debug\0131123761.lib" /MACHINE:X86 Debug\0131123761.res
         Debug\0131123761.exe.embed.manifest.res
         Debug\0131123761.obj
         Debug\0131123761Dlg.obj
         Debug\stdafx.obj
       Manifest:
         C:\Program Files (x86)\Microsoft SDKs\Windows\v7.0A\bin\mt.exe /nologo /verbose /out:"Debug\0131123761.exe.embed.manifest" /manifest Debug\0131123761.exe.intermediate.manifest "C:\软件\VS2010\VC\Include\Manifest\dpiaware.manifest"
         所有输出均为最新。
       LinkEmbedManifest:
         所有输出均为最新。
         0131123761.vcxproj -> D:\实现\法院速录员系统\Debug\0131123761.exe
       FinalizeBuildStatus:
         正在删除文件“Debug\0131123761.unsuccessfulbuild”。
         正在对“Debug\0131123761.lastbuildstate”执行 Touch 任务。
     1>已完成生成项目“D:\实现\法院速录员系统\0131123761\0131123761.vcxproj”(build 个目标)的操作。

生成成功。

已用时间 00:00:06.90
